<?xml version="1.0" encoding="UTF-8"?>
<!-- Generated by org.testng.reporters.JUnitReportReporter -->
<testsuite hostname="W10-VDI-WDW4194" failures="0" tests="1" name="com.ui.assignment.LifeStyle" time="42.591" errors="0" timestamp="2021-08-13T01:55:25 IST" skipped="0">
  <testcase classname="com.ui.assignment.LifeStyle" name="verifyLifeStyleCheckoutPage" time="42.591"/>
  <system-out/>
</testsuite> <!-- com.ui.assignment.LifeStyle -->
